PLINK v1.90b6.21 64-bit (19 Oct 2020)
Options in effect:
  --allow-extra-chr
  --double-id
  --make-bed
  --out output/plink/hops_structure
  --threads 1
  --vcf /home/raya/Documents/Projects/hops_pipeline/data/hops.vcf

Hostname: cos-bi-e061616
Working directory: /home/raya/Documents/Projects/hops_pipeline
Start time: Tue Jun 11 16:10:41 2024

Random number seed: 1718147441
32042 MB RAM detected; reserving 16021 MB for main workspace.
--vcf: output/plink/hops_structure-temporary.bed +
output/plink/hops_structure-temporary.bim +
output/plink/hops_structure-temporary.fam written.
27163 variants loaded from .bim file.
98 people (0 males, 0 females, 98 ambiguous) loaded from .fam.
Ambiguous sex IDs written to output/plink/hops_structure.nosex .
Using 1 thread.
Before main variant filters, 98 founders and 0 nonfounders present.
Calculating allele frequencies... done.
Total genotyping rate is 0.93538.
27163 variants and 98 people pass filters and QC.
Note: No phenotypes present.
--make-bed to output/plink/hops_structure.bed + output/plink/hops_structure.bim
+ output/plink/hops_structure.fam ... done.

End time: Tue Jun 11 16:10:41 2024
